[ 2017-02-12T01:53:26+08:00 ] 127.0.0.1 /index.php?m=Home&c=Login&a=register
INFO: [ app_begin ] --START--
INFO: Run Behavior\ReadHtmlCacheBehavior [ RunTime:0.000339s ]
INFO: [ app_begin ] --END-- [ RunTime:0.000605s ]
SQL: SHOW COLUMNS FROM `users` [ RunTime:0.0039s ]
NOTIC: [8] Undefined index: validate /private/var/www/MyTp/ThinkPHP/Library/Think/Model.class.php 第 1185 行.
SQL: SELECT * FROM `users` WHERE `email` = 'songjia22n@dxy.cn' LIMIT 1   [ RunTime:0.0010s ]
NOTIC: [8] Undefined index: auto /private/var/www/MyTp/ThinkPHP/Library/Think/Model.class.php 第 1128 行.
SQL: INSERT INTO `users` (`email`,`password`,`reg_date`,`reg_ip`,`status`,`user_name`) VALUES ('songjia22n@dxy.cn','ed14ad3cffbeba56f02d4848348704e9','1486835606','127.0.0.1','1','songjia22n') [ RunTime:0.0064s ]
INFO: [ app_end ] --START--
INFO: Run Behavior\ShowPageTraceBehavior [ RunTime:0.000608s ]
INFO: [ app_end ] --END-- [ RunTime:0.000731s ]

[ 2017-02-12T01:57:30+08:00 ] 127.0.0.1 /index.php?m=Home&c=Login&a=register
INFO: [ app_begin ] --START--
INFO: Run Behavior\ReadHtmlCacheBehavior [ RunTime:0.000334s ]
INFO: [ app_begin ] --END-- [ RunTime:0.000804s ]
SQL: SHOW COLUMNS FROM `users` [ RunTime:0.0020s ]
NOTIC: [8] Undefined index: validate /private/var/www/MyTp/ThinkPHP/Library/Think/Model.class.php 第 1185 行.
SQL: SELECT * FROM `users` WHERE `email` = 'son1gjia2n@dxy.cn' LIMIT 1   [ RunTime:0.0002s ]
NOTIC: [8] Undefined index: auto /private/var/www/MyTp/ThinkPHP/Library/Think/Model.class.php 第 1128 行.
SQL: INSERT INTO `users` (`email`,`password`,`reg_date`,`reg_ip`,`status`,`user_name`) VALUES ('son1gjia2n@dxy.cn','ed14ad3cffbeba56f02d4848348704e9','1486835850','127.0.0.1','1','son1gjia2n') [ RunTime:0.0005s ]
INFO: [ app_end ] --START--
INFO: Run Behavior\ShowPageTraceBehavior [ RunTime:0.001167s ]
INFO: [ app_end ] --END-- [ RunTime:0.001244s ]

[ 2017-02-12T01:59:01+08:00 ] 127.0.0.1 /index.php?m=Home&c=Login&a=register
INFO: [ app_begin ] --START--
INFO: Run Behavior\ReadHtmlCacheBehavior [ RunTime:0.000234s ]
INFO: [ app_begin ] --END-- [ RunTime:0.000438s ]
SQL: SHOW COLUMNS FROM `users` [ RunTime:0.0021s ]
NOTIC: [8] Undefined index: validate /private/var/www/MyTp/ThinkPHP/Library/Think/Model.class.php 第 1185 行.
SQL: SELECT * FROM `users` WHERE `email` = '18258127579@11q.com' LIMIT 1   [ RunTime:0.0006s ]
NOTIC: [8] Undefined index: auto /private/var/www/MyTp/ThinkPHP/Library/Think/Model.class.php 第 1128 行.
SQL: INSERT INTO `users` (`email`,`password`,`reg_date`,`reg_ip`,`status`,`user_name`) VALUES ('18258127579@11q.com','ed14ad3cffbeba56f02d4848348704e9','1486835941','127.0.0.1','1','18258127579') [ RunTime:0.0010s ]
INFO: [ app_end ] --START--
INFO: Run Behavior\ShowPageTraceBehavior [ RunTime:0.001049s ]
INFO: [ app_end ] --END-- [ RunTime:0.001183s ]

[ 2017-02-12T01:59:38+08:00 ] 127.0.0.1 /index.php?m=Home&c=Login&a=register
INFO: [ app_begin ] --START--
INFO: Run Behavior\ReadHtmlCacheBehavior [ RunTime:0.000241s ]
INFO: [ app_begin ] --END-- [ RunTime:0.000454s ]
SQL: SHOW COLUMNS FROM `users` [ RunTime:0.0027s ]
NOTIC: [8] Undefined index: validate /private/var/www/MyTp/ThinkPHP/Library/Think/Model.class.php 第 1185 行.
SQL: SELECT * FROM `users` WHERE `email` = 'soasngjian@dxy.cn' LIMIT 1   [ RunTime:0.0002s ]
NOTIC: [8] Undefined index: auto /private/var/www/MyTp/ThinkPHP/Library/Think/Model.class.php 第 1128 行.
SQL: INSERT INTO `users` (`email`,`password`,`reg_date`,`reg_ip`,`status`,`user_name`) VALUES ('soasngjian@dxy.cn','ed14ad3cffbeba56f02d4848348704e9','1486835978','127.0.0.1','1','soasngjian') [ RunTime:0.0005s ]
INFO: [ app_end ] --START--
INFO: Run Behavior\ShowPageTraceBehavior [ RunTime:0.000405s ]
INFO: [ app_end ] --END-- [ RunTime:0.000493s ]

[ 2017-02-12T02:00:39+08:00 ] 127.0.0.1 /index.php?m=Home&c=Login&a=register
INFO: [ app_begin ] --START--
INFO: Run Behavior\ReadHtmlCacheBehavior [ RunTime:0.000231s ]
INFO: [ app_begin ] --END-- [ RunTime:0.000429s ]
SQL: SHOW COLUMNS FROM `users` [ RunTime:0.0012s ]
NOTIC: [8] Undefined index: validate /private/var/www/MyTp/ThinkPHP/Library/Think/Model.class.php 第 1185 行.
SQL: SELECT * FROM `users` WHERE `email` = 'songjiaaan@dxy.cn' LIMIT 1   [ RunTime:0.0003s ]
NOTIC: [8] Undefined index: auto /private/var/www/MyTp/ThinkPHP/Library/Think/Model.class.php 第 1128 行.
SQL: INSERT INTO `users` (`email`,`password`,`reg_date`,`reg_ip`,`status`,`user_name`) VALUES ('songjiaaan@dxy.cn','ed14ad3cffbeba56f02d4848348704e9','1486836039','127.0.0.1','1','songjiaaan') [ RunTime:0.0004s ]
INFO: [ app_end ] --START--
INFO: Run Behavior\ShowPageTraceBehavior [ RunTime:0.000325s ]
INFO: [ app_end ] --END-- [ RunTime:0.000384s ]

[ 2017-02-12T02:01:50+08:00 ] 127.0.0.1 /index.php?m=Home&c=Login&a=register
INFO: [ app_begin ] --START--
INFO: Run Behavior\ReadHtmlCacheBehavior [ RunTime:0.000231s ]
INFO: [ app_begin ] --END-- [ RunTime:0.000431s ]
SQL: SHOW COLUMNS FROM `users` [ RunTime:0.0019s ]
NOTIC: [8] Undefined index: validate /private/var/www/MyTp/ThinkPHP/Library/Think/Model.class.php 第 1185 行.
SQL: SELECT * FROM `users` WHERE `email` = '18258127579@qss.com' LIMIT 1   [ RunTime:0.0002s ]
NOTIC: [8] Undefined index: auto /private/var/www/MyTp/ThinkPHP/Library/Think/Model.class.php 第 1128 行.
ERR: 1062:Duplicate entry '18258127579' for key 'user_name'
 [ SQL语句 ] : INSERT INTO `users` (`email`,`password`,`reg_date`,`reg_ip`,`status`,`user_name`) VALUES ('18258127579@qss.com','ed14ad3cffbeba56f02d4848348704e9','1486836110','127.0.0.1','1','18258127579')
ERR: 1062:Duplicate entry '18258127579' for key 'user_name'
 [ SQL语句 ] : INSERT INTO `users` (`email`,`password`,`reg_date`,`reg_ip`,`status`,`user_name`) VALUES ('18258127579@qss.com','ed14ad3cffbeba56f02d4848348704e9','1486836110','127.0.0.1','1','18258127579')

[ 2017-02-12T02:02:23+08:00 ] 127.0.0.1 /index.php?m=Home&c=Login&a=register
INFO: [ app_begin ] --START--
INFO: Run Behavior\ReadHtmlCacheBehavior [ RunTime:0.000691s ]
INFO: [ app_begin ] --END-- [ RunTime:0.001279s ]
SQL: SHOW COLUMNS FROM `users` [ RunTime:0.0022s ]
NOTIC: [8] Undefined index: validate /private/var/www/MyTp/ThinkPHP/Library/Think/Model.class.php 第 1185 行.
SQL: SELECT * FROM `users` WHERE `email` = 'sozxcngjian@dxy.cn' LIMIT 1   [ RunTime:0.0003s ]
NOTIC: [8] Undefined index: auto /private/var/www/MyTp/ThinkPHP/Library/Think/Model.class.php 第 1128 行.
SQL: INSERT INTO `users` (`email`,`password`,`reg_date`,`reg_ip`,`status`,`user_name`) VALUES ('sozxcngjian@dxy.cn','ed14ad3cffbeba56f02d4848348704e9','1486836143','127.0.0.1','1','sozxcngjian') [ RunTime:0.0005s ]
INFO: [ app_end ] --START--
INFO: Run Behavior\ShowPageTraceBehavior [ RunTime:0.000625s ]
INFO: [ app_end ] --END-- [ RunTime:0.000837s ]

[ 2017-02-12T14:32:40+08:00 ] 127.0.0.1 /index.php?m=Home&c=Login&a=register
INFO: [ app_begin ] --START--
INFO: Run Behavior\ReadHtmlCacheBehavior [ RunTime:0.000232s ]
INFO: [ app_begin ] --END-- [ RunTime:0.000440s ]
SQL: SHOW COLUMNS FROM `users` [ RunTime:0.0113s ]
NOTIC: [8] Undefined index: validate /private/var/www/MyTp/ThinkPHP/Library/Think/Model.class.php 第 1185 行.
SQL: SELECT * FROM `users` WHERE `email` = 'songxxcvbbbjian@dxy.cn' LIMIT 1   [ RunTime:0.0004s ]
NOTIC: [8] Undefined index: auto /private/var/www/MyTp/ThinkPHP/Library/Think/Model.class.php 第 1128 行.
SQL: INSERT INTO `users` (`email`,`password`,`reg_date`,`reg_ip`,`status`,`user_name`) VALUES ('songxxcvbbbjian@dxy.cn','ed14ad3cffbeba56f02d4848348704e9','1486881160','127.0.0.1','1','songxxcvbbbjian') [ RunTime:0.0074s ]

[ 2017-02-12T14:33:21+08:00 ] 127.0.0.1 /index.php?m=Home&c=Login&a=register
INFO: [ app_begin ] --START--
INFO: Run Behavior\ReadHtmlCacheBehavior [ RunTime:0.000393s ]
INFO: [ app_begin ] --END-- [ RunTime:0.000710s ]
SQL: SHOW COLUMNS FROM `users` [ RunTime:0.0012s ]
NOTIC: [8] Undefined index: validate /private/var/www/MyTp/ThinkPHP/Library/Think/Model.class.php 第 1185 行.
SQL: SELECT * FROM `users` WHERE `email` = 'songajin@qq.com' LIMIT 1   [ RunTime:0.0002s ]
NOTIC: [8] Undefined index: auto /private/var/www/MyTp/ThinkPHP/Library/Think/Model.class.php 第 1128 行.
SQL: INSERT INTO `users` (`email`,`password`,`reg_date`,`reg_ip`,`status`,`user_name`) VALUES ('songajin@qq.com','ed14ad3cffbeba56f02d4848348704e9','1486881201','127.0.0.1','1','songajin') [ RunTime:0.0004s ]

[ 2017-02-12T14:34:34+08:00 ] 127.0.0.1 /index.php?m=Home&c=Login&a=register
INFO: [ app_begin ] --START--
INFO: Run Behavior\ReadHtmlCacheBehavior [ RunTime:0.000439s ]
INFO: [ app_begin ] --END-- [ RunTime:0.000737s ]
SQL: SHOW COLUMNS FROM `users` [ RunTime:0.0024s ]
NOTIC: [8] Undefined index: validate /private/var/www/MyTp/ThinkPHP/Library/Think/Model.class.php 第 1185 行.
SQL: SELECT * FROM `users` WHERE `email` = 'ximiasd@qq.com' LIMIT 1   [ RunTime:0.0002s ]
NOTIC: [8] Undefined index: auto /private/var/www/MyTp/ThinkPHP/Library/Think/Model.class.php 第 1128 行.
SQL: INSERT INTO `users` (`email`,`password`,`reg_date`,`reg_ip`,`status`,`user_name`) VALUES ('ximiasd@qq.com','ed14ad3cffbeba56f02d4848348704e9','1486881274','127.0.0.1','1','ximiasd') [ RunTime:0.0005s ]
INFO: [ app_end ] --START--
INFO: Run Behavior\ShowPageTraceBehavior [ RunTime:0.000630s ]
INFO: [ app_end ] --END-- [ RunTime:0.000761s ]

[ 2017-02-12T15:00:56+08:00 ] 127.0.0.1 /index.php?m=Home&c=Login&a=login
INFO: [ app_begin ] --START--
INFO: Run Behavior\ReadHtmlCacheBehavior [ RunTime:0.000236s ]
INFO: [ app_begin ] --END-- [ RunTime:0.000449s ]

[ 2017-02-12T15:00:57+08:00 ] 127.0.0.1 /index.php?m=Home&c=Login&a=login
INFO: [ app_begin ] --START--
INFO: Run Behavior\ReadHtmlCacheBehavior [ RunTime:0.000237s ]
INFO: [ app_begin ] --END-- [ RunTime:0.000444s ]

[ 2017-02-12T15:01:05+08:00 ] 127.0.0.1 /index.php?m=Home&c=Login&a=login
INFO: [ app_begin ] --START--
INFO: Run Behavior\ReadHtmlCacheBehavior [ RunTime:0.000241s ]
INFO: [ app_begin ] --END-- [ RunTime:0.000451s ]

[ 2017-02-12T15:01:06+08:00 ] 127.0.0.1 /index.php?m=Home&c=Login&a=login
INFO: [ app_begin ] --START--
INFO: Run Behavior\ReadHtmlCacheBehavior [ RunTime:0.000235s ]
INFO: [ app_begin ] --END-- [ RunTime:0.000439s ]

[ 2017-02-12T15:05:49+08:00 ] 127.0.0.1 /index.php?m=Home&c=Login&a=login
INFO: [ app_begin ] --START--
INFO: Run Behavior\ReadHtmlCacheBehavior [ RunTime:0.000648s ]
INFO: [ app_begin ] --END-- [ RunTime:0.001212s ]
SQL: SHOW COLUMNS FROM `users` [ RunTime:0.0021s ]
NOTIC: [8] Undefined index: validate /private/var/www/MyTp/ThinkPHP/Library/Think/Model.class.php 第 1185 行.
NOTIC: [8] Undefined index: auto /private/var/www/MyTp/ThinkPHP/Library/Think/Model.class.php 第 1128 行.
NOTIC: [8] Undefined index: email /private/var/www/MyTp/Application/Home/Controller/LoginController.class.php 第 36 行.
SQL: SELECT `id`,`user_name`,`password` FROM `users` WHERE `email` = null LIMIT 1   [ RunTime:0.0003s ]

[ 2017-02-12T15:07:49+08:00 ] 127.0.0.1 /index.php?m=Home&c=Login&a=login
INFO: [ app_begin ] --START--
INFO: Run Behavior\ReadHtmlCacheBehavior [ RunTime:0.000519s ]
INFO: [ app_begin ] --END-- [ RunTime:0.000934s ]
SQL: SHOW COLUMNS FROM `users` [ RunTime:0.0014s ]
NOTIC: [8] Undefined index: validate /private/var/www/MyTp/ThinkPHP/Library/Think/Model.class.php 第 1185 行.
NOTIC: [8] Undefined index: auto /private/var/www/MyTp/ThinkPHP/Library/Think/Model.class.php 第 1128 行.
NOTIC: [8] Undefined index: email /private/var/www/MyTp/Application/Home/Controller/LoginController.class.php 第 36 行.
SQL: SELECT `id`,`user_name`,`password` FROM `users` WHERE `email` = null LIMIT 1   [ RunTime:0.0002s ]

[ 2017-02-12T15:07:50+08:00 ] 127.0.0.1 /index.php?m=Home&c=Login&a=login
INFO: [ app_begin ] --START--
INFO: Run Behavior\ReadHtmlCacheBehavior [ RunTime:0.000267s ]
INFO: [ app_begin ] --END-- [ RunTime:0.000523s ]
SQL: SHOW COLUMNS FROM `users` [ RunTime:0.0020s ]
NOTIC: [8] Undefined index: validate /private/var/www/MyTp/ThinkPHP/Library/Think/Model.class.php 第 1185 行.
NOTIC: [8] Undefined index: auto /private/var/www/MyTp/ThinkPHP/Library/Think/Model.class.php 第 1128 行.
NOTIC: [8] Undefined index: email /private/var/www/MyTp/Application/Home/Controller/LoginController.class.php 第 36 行.
SQL: SELECT `id`,`user_name`,`password` FROM `users` WHERE `email` = null LIMIT 1   [ RunTime:0.0002s ]

[ 2017-02-12T15:08:59+08:00 ] 127.0.0.1 /index.php?m=Home&c=Login&a=login
INFO: [ app_begin ] --START--
INFO: Run Behavior\ReadHtmlCacheBehavior [ RunTime:0.000867s ]
INFO: [ app_begin ] --END-- [ RunTime:0.001528s ]
SQL: SHOW COLUMNS FROM `users` [ RunTime:0.0016s ]
NOTIC: [8] Undefined index: validate /private/var/www/MyTp/ThinkPHP/Library/Think/Model.class.php 第 1185 行.
NOTIC: [8] Undefined index: auto /private/var/www/MyTp/ThinkPHP/Library/Think/Model.class.php 第 1128 行.
NOTIC: [8] Undefined index: email /private/var/www/MyTp/Application/Home/Controller/LoginController.class.php 第 38 行.
ERR: 1064:You have an error in your SQL syntax; check the manual that corresponds to your MySQL server version for the right syntax to use near ') LIMIT 1' at line 1
 [ SQL语句 ] : SELECT `id`,`user_name`,`password` FROM `users` WHERE ( email =  ) LIMIT 1  
ERR: 1064:You have an error in your SQL syntax; check the manual that corresponds to your MySQL server version for the right syntax to use near ') LIMIT 1' at line 1
 [ SQL语句 ] : SELECT `id`,`user_name`,`password` FROM `users` WHERE ( email =  ) LIMIT 1  

[ 2017-02-12T15:09:51+08:00 ] 127.0.0.1 /index.php?m=Home&c=Login&a=login
INFO: [ app_begin ] --START--
INFO: Run Behavior\ReadHtmlCacheBehavior [ RunTime:0.000260s ]
INFO: [ app_begin ] --END-- [ RunTime:0.000504s ]
SQL: SHOW COLUMNS FROM `users` [ RunTime:0.0011s ]
NOTIC: [8] Undefined index: validate /private/var/www/MyTp/ThinkPHP/Library/Think/Model.class.php 第 1185 行.
NOTIC: [8] Undefined index: auto /private/var/www/MyTp/ThinkPHP/Library/Think/Model.class.php 第 1128 行.
NOTIC: [8] Undefined index: email /private/var/www/MyTp/Application/Home/Controller/LoginController.class.php 第 38 行.
ERR: 1064:You have an error in your SQL syntax; check the manual that corresponds to your MySQL server version for the right syntax to use near ') LIMIT 1' at line 1
 [ SQL语句 ] : SELECT `id`,`user_name`,`password` FROM `users` WHERE ( email =  ) LIMIT 1  
ERR: 1064:You have an error in your SQL syntax; check the manual that corresponds to your MySQL server version for the right syntax to use near ') LIMIT 1' at line 1
 [ SQL语句 ] : SELECT `id`,`user_name`,`password` FROM `users` WHERE ( email =  ) LIMIT 1  

[ 2017-02-12T15:11:11+08:00 ] 127.0.0.1 /index.php?m=Home&c=Login&a=login
INFO: [ app_begin ] --START--
INFO: Run Behavior\ReadHtmlCacheBehavior [ RunTime:0.000327s ]
INFO: [ app_begin ] --END-- [ RunTime:0.000533s ]
SQL: SHOW COLUMNS FROM `users` [ RunTime:0.0015s ]
NOTIC: [8] Undefined index: validate /private/var/www/MyTp/ThinkPHP/Library/Think/Model.class.php 第 1185 行.
NOTIC: [8] Undefined index: auto /private/var/www/MyTp/ThinkPHP/Library/Think/Model.class.php 第 1128 行.
NOTIC: [8] Undefined index: email /private/var/www/MyTp/Application/Home/Controller/LoginController.class.php 第 38 行.
ERR: 1064:You have an error in your SQL syntax; check the manual that corresponds to your MySQL server version for the right syntax to use near ') LIMIT 1' at line 1
 [ SQL语句 ] : SELECT `id`,`user_name`,`password` FROM `users` WHERE ( email =  ) LIMIT 1  
ERR: 1064:You have an error in your SQL syntax; check the manual that corresponds to your MySQL server version for the right syntax to use near ') LIMIT 1' at line 1
 [ SQL语句 ] : SELECT `id`,`user_name`,`password` FROM `users` WHERE ( email =  ) LIMIT 1  

[ 2017-02-12T15:11:13+08:00 ] 127.0.0.1 /index.php?m=Home&c=Login&a=login
INFO: [ app_begin ] --START--
INFO: Run Behavior\ReadHtmlCacheBehavior [ RunTime:0.000252s ]
INFO: [ app_begin ] --END-- [ RunTime:0.000483s ]
SQL: SHOW COLUMNS FROM `users` [ RunTime:0.0018s ]
NOTIC: [8] Undefined index: validate /private/var/www/MyTp/ThinkPHP/Library/Think/Model.class.php 第 1185 行.
NOTIC: [8] Undefined index: auto /private/var/www/MyTp/ThinkPHP/Library/Think/Model.class.php 第 1128 行.
NOTIC: [8] Undefined index: email /private/var/www/MyTp/Application/Home/Controller/LoginController.class.php 第 38 行.
ERR: 1064:You have an error in your SQL syntax; check the manual that corresponds to your MySQL server version for the right syntax to use near ') LIMIT 1' at line 1
 [ SQL语句 ] : SELECT `id`,`user_name`,`password` FROM `users` WHERE ( email =  ) LIMIT 1  
ERR: 1064:You have an error in your SQL syntax; check the manual that corresponds to your MySQL server version for the right syntax to use near ') LIMIT 1' at line 1
 [ SQL语句 ] : SELECT `id`,`user_name`,`password` FROM `users` WHERE ( email =  ) LIMIT 1  

[ 2017-02-12T15:12:53+08:00 ] 127.0.0.1 /index.php?m=Home&c=Login&a=login
INFO: [ app_begin ] --START--
INFO: Run Behavior\ReadHtmlCacheBehavior [ RunTime:0.000494s ]
INFO: [ app_begin ] --END-- [ RunTime:0.000898s ]
ERR: 1146:Table 'novel.login' doesn't exist
 [ SQL语句 ] : SHOW COLUMNS FROM `login`
ERR: 1146:Table 'novel.login' doesn't exist
 [ SQL语句 ] : SHOW COLUMNS FROM `login`

[ 2017-02-12T15:13:05+08:00 ] 127.0.0.1 /index.php?m=Home&c=Login&a=login
INFO: [ app_begin ] --START--
INFO: Run Behavior\ReadHtmlCacheBehavior [ RunTime:0.000245s ]
INFO: [ app_begin ] --END-- [ RunTime:0.000460s ]
ERR: 1146:Table 'novel.login' doesn't exist
 [ SQL语句 ] : SHOW COLUMNS FROM `login`
ERR: 1146:Table 'novel.login' doesn't exist
 [ SQL语句 ] : SHOW COLUMNS FROM `login`

[ 2017-02-12T15:14:39+08:00 ] 127.0.0.1 /index.php?m=Home&c=Login&a=login
INFO: [ app_begin ] --START--
INFO: Run Behavior\ReadHtmlCacheBehavior [ RunTime:0.000227s ]
INFO: [ app_begin ] --END-- [ RunTime:0.000423s ]
SQL: SHOW COLUMNS FROM `users` [ RunTime:0.0015s ]
NOTIC: [8] Undefined index: validate /private/var/www/MyTp/ThinkPHP/Library/Think/Model.class.php 第 1185 行.
NOTIC: [8] Undefined index: auto /private/var/www/MyTp/ThinkPHP/Library/Think/Model.class.php 第 1128 行.
ERR: 1064:You have an error in your SQL syntax; check the manual that corresponds to your MySQL server version for the right syntax to use near '@qq.com ) LIMIT 1' at line 1
 [ SQL语句 ] : SELECT `id`,`user_name`,`password` FROM `users` WHERE ( email = ximiasd@qq.com ) LIMIT 1  
ERR: 1064:You have an error in your SQL syntax; check the manual that corresponds to your MySQL server version for the right syntax to use near '@qq.com ) LIMIT 1' at line 1
 [ SQL语句 ] : SELECT `id`,`user_name`,`password` FROM `users` WHERE ( email = ximiasd@qq.com ) LIMIT 1  

[ 2017-02-12T15:15:22+08:00 ] 127.0.0.1 /index.php?m=Home&c=Login&a=login
INFO: [ app_begin ] --START--
INFO: Run Behavior\ReadHtmlCacheBehavior [ RunTime:0.000246s ]
INFO: [ app_begin ] --END-- [ RunTime:0.000469s ]
SQL: SHOW COLUMNS FROM `users` [ RunTime:0.0026s ]
NOTIC: [8] Undefined index: validate /private/var/www/MyTp/ThinkPHP/Library/Think/Model.class.php 第 1185 行.
NOTIC: [8] Undefined index: auto /private/var/www/MyTp/ThinkPHP/Library/Think/Model.class.php 第 1128 行.
SQL: SELECT `id`,`user_name`,`password` FROM `users` WHERE ( email = 'ximiasd@qq.com' ) LIMIT 1   [ RunTime:0.0008s ]
NOTIC: [8] Undefined index: username /private/var/www/MyTp/Application/Home/Controller/LoginController.class.php 第 44 行.
INFO: [ app_end ] --START--
INFO: Run Behavior\ShowPageTraceBehavior [ RunTime:0.000513s ]
INFO: [ app_end ] --END-- [ RunTime:0.000635s ]

[ 2017-02-12T15:19:01+08:00 ] 127.0.0.1 /index.php?m=Home&c=Login&a=login
INFO: [ app_begin ] --START--
INFO: Run Behavior\ReadHtmlCacheBehavior [ RunTime:0.000572s ]
INFO: [ app_begin ] --END-- [ RunTime:0.001145s ]
SQL: SHOW COLUMNS FROM `users` [ RunTime:0.0019s ]
NOTIC: [8] Undefined index: validate /private/var/www/MyTp/ThinkPHP/Library/Think/Model.class.php 第 1185 行.
NOTIC: [8] Undefined index: auto /private/var/www/MyTp/ThinkPHP/Library/Think/Model.class.php 第 1128 行.
SQL: SELECT `id`,`user_name`,`password` FROM `users` WHERE ( email = 'ximiasd@qq.com' ) LIMIT 1   [ RunTime:0.0002s ]
NOTIC: [8] Undefined index: username /private/var/www/MyTp/Application/Home/Controller/LoginController.class.php 第 42 行.
INFO: [ app_end ] --START--
INFO: Run Behavior\ShowPageTraceBehavior [ RunTime:0.000523s ]
INFO: [ app_end ] --END-- [ RunTime:0.000589s ]

[ 2017-02-12T15:23:07+08:00 ] 127.0.0.1 /index.php?m=Home&c=Login&a=login
INFO: [ app_begin ] --START--
INFO: Run Behavior\ReadHtmlCacheBehavior [ RunTime:0.000226s ]
INFO: [ app_begin ] --END-- [ RunTime:0.000501s ]
SQL: SHOW COLUMNS FROM `users` [ RunTime:0.0011s ]
NOTIC: [8] Undefined index: validate /private/var/www/MyTp/ThinkPHP/Library/Think/Model.class.php 第 1185 行.
NOTIC: [8] Undefined index: auto /private/var/www/MyTp/ThinkPHP/Library/Think/Model.class.php 第 1128 行.
SQL: SELECT `id`,`user_name`,`password` FROM `users` WHERE ( email = 'ximiasd@qq.com' ) LIMIT 1   [ RunTime:0.0002s ]
NOTIC: [8] Undefined index: username /private/var/www/MyTp/Application/Home/Controller/LoginController.class.php 第 42 行.
INFO: [ app_end ] --START--
INFO: Run Behavior\ShowPageTraceBehavior [ RunTime:0.000458s ]
INFO: [ app_end ] --END-- [ RunTime:0.000566s ]

[ 2017-02-12T15:23:31+08:00 ] 127.0.0.1 /index.php?m=Home&c=Login&a=login
INFO: [ app_begin ] --START--
INFO: Run Behavior\ReadHtmlCacheBehavior [ RunTime:0.000426s ]
INFO: [ app_begin ] --END-- [ RunTime:0.000698s ]
SQL: SHOW COLUMNS FROM `users` [ RunTime:0.0021s ]
NOTIC: [8] Undefined index: validate /private/var/www/MyTp/ThinkPHP/Library/Think/Model.class.php 第 1185 行.
NOTIC: [8] Undefined index: auto /private/var/www/MyTp/ThinkPHP/Library/Think/Model.class.php 第 1128 行.
SQL: SELECT `id`,`user_name`,`password` FROM `users` WHERE ( email = 'ximiasd@qq.com' ) LIMIT 1   [ RunTime:0.0003s ]
NOTIC: [8] Undefined index: username /private/var/www/MyTp/Application/Home/Controller/LoginController.class.php 第 42 行.
INFO: [ app_end ] --START--
INFO: Run Behavior\ShowPageTraceBehavior [ RunTime:0.000328s ]
INFO: [ app_end ] --END-- [ RunTime:0.000390s ]

[ 2017-02-12T15:23:59+08:00 ] 127.0.0.1 /index.php?m=Home&c=Login&a=login
INFO: [ app_begin ] --START--
INFO: Run Behavior\ReadHtmlCacheBehavior [ RunTime:0.000272s ]
INFO: [ app_begin ] --END-- [ RunTime:0.000544s ]
SQL: SHOW COLUMNS FROM `users` [ RunTime:0.0023s ]
NOTIC: [8] Undefined index: validate /private/var/www/MyTp/ThinkPHP/Library/Think/Model.class.php 第 1185 行.
NOTIC: [8] Undefined index: auto /private/var/www/MyTp/ThinkPHP/Library/Think/Model.class.php 第 1128 行.
SQL: SELECT `id`,`user_name`,`password` FROM `users` WHERE ( email = 'ximiasd@qq.com' ) LIMIT 1   [ RunTime:0.0004s ]
INFO: [ app_end ] --START--
INFO: Run Behavior\ShowPageTraceBehavior [ RunTime:0.000324s ]
INFO: [ app_end ] --END-- [ RunTime:0.000384s ]

[ 2017-02-12T15:24:28+08:00 ] 127.0.0.1 /index.php?m=Home&c=Login&a=login
INFO: [ app_begin ] --START--
INFO: Run Behavior\ReadHtmlCacheBehavior [ RunTime:0.000221s ]
INFO: [ app_begin ] --END-- [ RunTime:0.000414s ]
SQL: SHOW COLUMNS FROM `users` [ RunTime:0.0022s ]
NOTIC: [8] Undefined index: validate /private/var/www/MyTp/ThinkPHP/Library/Think/Model.class.php 第 1185 行.
NOTIC: [8] Undefined index: auto /private/var/www/MyTp/ThinkPHP/Library/Think/Model.class.php 第 1128 行.
SQL: SELECT `id`,`user_name`,`password` FROM `users` WHERE ( email = 'ximiasd@qq.com' ) LIMIT 1   [ RunTime:0.0002s ]
INFO: [ app_end ] --START--
INFO: Run Behavior\ShowPageTraceBehavior [ RunTime:0.000425s ]
INFO: [ app_end ] --END-- [ RunTime:0.000526s ]

[ 2017-02-12T15:25:03+08:00 ] 127.0.0.1 /index.php?m=Home&c=Login&a=login
INFO: [ app_begin ] --START--
INFO: Run Behavior\ReadHtmlCacheBehavior [ RunTime:0.000337s ]
INFO: [ app_begin ] --END-- [ RunTime:0.000560s ]
SQL: SHOW COLUMNS FROM `users` [ RunTime:0.0015s ]
NOTIC: [8] Undefined index: validate /private/var/www/MyTp/ThinkPHP/Library/Think/Model.class.php 第 1185 行.
NOTIC: [8] Undefined index: auto /private/var/www/MyTp/ThinkPHP/Library/Think/Model.class.php 第 1128 行.
SQL: SELECT `id`,`user_name`,`password` FROM `users` WHERE ( email = 'ximiasd@qq.com' ) LIMIT 1   [ RunTime:0.0002s ]
INFO: [ app_end ] --START--
INFO: Run Behavior\ShowPageTraceBehavior [ RunTime:0.000306s ]
INFO: [ app_end ] --END-- [ RunTime:0.000366s ]

[ 2017-02-12T15:25:36+08:00 ] 127.0.0.1 /index.php?m=Home&c=Login&a=login
INFO: [ app_begin ] --START--
INFO: Run Behavior\ReadHtmlCacheBehavior [ RunTime:0.000313s ]
INFO: [ app_begin ] --END-- [ RunTime:0.000765s ]
SQL: SHOW COLUMNS FROM `users` [ RunTime:0.0020s ]
NOTIC: [8] Undefined index: validate /private/var/www/MyTp/ThinkPHP/Library/Think/Model.class.php 第 1185 行.
NOTIC: [8] Undefined index: auto /private/var/www/MyTp/ThinkPHP/Library/Think/Model.class.php 第 1128 行.
SQL: SELECT `id`,`user_name`,`password` FROM `users` WHERE ( email = 'ximiasd@qq.com' ) LIMIT 1   [ RunTime:0.0002s ]
INFO: [ app_end ] --START--
INFO: Run Behavior\ShowPageTraceBehavior [ RunTime:0.000307s ]
INFO: [ app_end ] --END-- [ RunTime:0.000364s ]

[ 2017-02-12T15:25:54+08:00 ] 127.0.0.1 /index.php?m=Home&c=Login&a=login
INFO: [ app_begin ] --START--
INFO: Run Behavior\ReadHtmlCacheBehavior [ RunTime:0.000249s ]
INFO: [ app_begin ] --END-- [ RunTime:0.000464s ]
SQL: SHOW COLUMNS FROM `users` [ RunTime:0.0021s ]
NOTIC: [8] Undefined index: validate /private/var/www/MyTp/ThinkPHP/Library/Think/Model.class.php 第 1185 行.
NOTIC: [8] Undefined index: auto /private/var/www/MyTp/ThinkPHP/Library/Think/Model.class.php 第 1128 行.
SQL: SELECT `id`,`user_name`,`password` FROM `users` WHERE ( email = 'ximiasd@qq.com' ) LIMIT 1   [ RunTime:0.0002s ]
INFO: [ app_end ] --START--
INFO: Run Behavior\ShowPageTraceBehavior [ RunTime:0.000309s ]
INFO: [ app_end ] --END-- [ RunTime:0.000367s ]

[ 2017-02-12T15:26:22+08:00 ] 127.0.0.1 /index.php?m=Home&c=Login&a=login
INFO: [ app_begin ] --START--
INFO: Run Behavior\ReadHtmlCacheBehavior [ RunTime:0.000226s ]
INFO: [ app_begin ] --END-- [ RunTime:0.000426s ]
SQL: SHOW COLUMNS FROM `users` [ RunTime:0.0019s ]
NOTIC: [8] Undefined index: validate /private/var/www/MyTp/ThinkPHP/Library/Think/Model.class.php 第 1185 行.
NOTIC: [8] Undefined index: auto /private/var/www/MyTp/ThinkPHP/Library/Think/Model.class.php 第 1128 行.
SQL: SELECT `id`,`user_name`,`password` FROM `users` WHERE ( email = 'ximiasd@qq.com' ) LIMIT 1   [ RunTime:0.0003s ]
INFO: [ app_end ] --START--
INFO: Run Behavior\ShowPageTraceBehavior [ RunTime:0.000364s ]
INFO: [ app_end ] --END-- [ RunTime:0.000444s ]

[ 2017-02-12T15:32:04+08:00 ] 127.0.0.1 /index.php?m=Home&c=HomePage&a=categoryshow
ERR: 1054:Unknown column 'addslashes' in 'where clause'
 [ SQL语句 ] : SELECT * FROM `books` WHERE ( category_id = addslashes ) ORDER BY is_recommend desc 

[ 2017-02-12T15:40:00+08:00 ] 127.0.0.1 /index.php?m=Home&c=Login&a=login
INFO: [ app_begin ] --START--
INFO: Run Behavior\ReadHtmlCacheBehavior [ RunTime:0.000274s ]
INFO: [ app_begin ] --END-- [ RunTime:0.000508s ]
SQL: SHOW COLUMNS FROM `users` [ RunTime:0.0015s ]
NOTIC: [8] Undefined index: validate /private/var/www/MyTp/ThinkPHP/Library/Think/Model.class.php 第 1185 行.
NOTIC: [8] Undefined index: auto /private/var/www/MyTp/ThinkPHP/Library/Think/Model.class.php 第 1128 行.
SQL: SELECT `id`,`user_name`,`password` FROM `users` WHERE ( email = 'ximiasd@qq.com' ) LIMIT 1   [ RunTime:0.0003s ]
INFO: [ app_end ] --START--
INFO: Run Behavior\ShowPageTraceBehavior [ RunTime:0.000387s ]
INFO: [ app_end ] --END-- [ RunTime:0.000453s ]

[ 2017-02-12T15:57:04+08:00 ] 127.0.0.1 /index.php?m=Home&c=Login&a=login
INFO: [ app_begin ] --START--
INFO: Run Behavior\ReadHtmlCacheBehavior [ RunTime:0.000243s ]
INFO: [ app_begin ] --END-- [ RunTime:0.000456s ]
SQL: SHOW COLUMNS FROM `users` [ RunTime:0.0018s ]
NOTIC: [8] Undefined index: validate /private/var/www/MyTp/ThinkPHP/Library/Think/Model.class.php 第 1185 行.
NOTIC: [8] Undefined index: auto /private/var/www/MyTp/ThinkPHP/Library/Think/Model.class.php 第 1128 行.
SQL: SELECT `id`,`user_name`,`password` FROM `users` WHERE ( email = 'ximiasd@qq.com' ) LIMIT 1   [ RunTime:0.0003s ]
INFO: [ app_end ] --START--
INFO: Run Behavior\ShowPageTraceBehavior [ RunTime:0.000335s ]
INFO: [ app_end ] --END-- [ RunTime:0.000401s ]

[ 2017-02-12T16:31:55+08:00 ] 127.0.0.1 /index.php?m=Home&c=HomePage&a=forumshow
ERR: Think\Model:fields方法不存在！

[ 2017-02-12T16:32:08+08:00 ] 127.0.0.1 /index.php?m=Home&c=HomePage&a=forumshow
ERR: 1054:Unknown column 'users.name' in 'field list'
 [ SQL语句 ] : SELECT users.name as user_name,categories.name as category_name,forums.* FROM `forums` INNER JOIN users u on u.id = forums.user_id INNER JOIN categories c on c.id = forums.category_id  ORDER BY forums.created_at desc 

[ 2017-02-12T16:32:37+08:00 ] 127.0.0.1 /index.php?m=Home&c=HomePage&a=forumshow
ERR: 1054:Unknown column 'users.user_name' in 'field list'
 [ SQL语句 ] : SELECT users.user_name,categories.name as category_name,forums.* FROM `forums` INNER JOIN users u on u.id = forums.user_id INNER JOIN categories c on c.id = forums.category_id  ORDER BY forums.created_at desc 

[ 2017-02-12T16:32:38+08:00 ] 127.0.0.1 /index.php?m=Home&c=HomePage&a=forumshow
ERR: 1054:Unknown column 'users.user_name' in 'field list'
 [ SQL语句 ] : SELECT users.user_name,categories.name as category_name,forums.* FROM `forums` INNER JOIN users u on u.id = forums.user_id INNER JOIN categories c on c.id = forums.category_id  ORDER BY forums.created_at desc 

[ 2017-02-12T16:32:39+08:00 ] 127.0.0.1 /index.php?m=Home&c=HomePage&a=forumshow
ERR: 1054:Unknown column 'users.user_name' in 'field list'
 [ SQL语句 ] : SELECT users.user_name,categories.name as category_name,forums.* FROM `forums` INNER JOIN users u on u.id = forums.user_id INNER JOIN categories c on c.id = forums.category_id  ORDER BY forums.created_at desc 

[ 2017-02-12T17:00:40+08:00 ] 127.0.0.1 /index.php?m=Home&c=HomePage&a=forum&category_id=1
ERR: 非法操作:forum

[ 2017-02-12T17:01:10+08:00 ] 127.0.0.1 /index.php?m=Home&c=HomePage&a=forum&category_id=2
ERR: 非法操作:forum

[ 2017-02-12T17:01:31+08:00 ] 127.0.0.1 /index.php?m=Home&c=HomePage&a=forum&category_id=2
ERR: 非法操作:forum

[ 2017-02-12T17:01:52+08:00 ] 127.0.0.1 /index.php?m=Home&c=HomePage&a=forum&category_id=2
ERR: 非法操作:forum

[ 2017-02-12T23:35:35+08:00 ] 127.0.0.1 /index.php?m=Home&c=Forums&a=detailshow&forum_id=1
ERR: 1052:Column 'id' in where clause is ambiguous
 [ SQL语句 ] : SELECT forums.*,c.name as category_name FROM `forums` INNER JOIN categories c on c.id = forums.category_id  WHERE `id` = '1' LIMIT 1  

